[debug] [2026-07-03T21:27:29.050Z] ----------------------------------------------------------------------
[debug] [2026-07-03T21:27:29.051Z] Command:       /opt/homebrew/Cellar/node/26.4.0/bin/node /Users/abhimanyudhanwadia/.npm/_npx/ba4f1959e38407b5/node_modules/.bin/firebase projects:list
[debug] [2026-07-03T21:27:29.051Z] CLI Version:   15.22.4
[debug] [2026-07-03T21:27:29.051Z] Platform:      darwin
[debug] [2026-07-03T21:27:29.051Z] Node Version:  v26.4.0
[debug] [2026-07-03T21:27:29.051Z] Detected Agent: antigravity
[debug] [2026-07-03T21:27:29.051Z] Time:          Sat Jul 04 2026 02:57:29 GMT+0530 (India Standard Time)
[debug] [2026-07-03T21:27:29.051Z] ----------------------------------------------------------------------
[debug] 
[debug] [2026-07-03T21:27:29.052Z] >>> [apiv2][query] GET https://firebase-public.firebaseio.com/cli.json [none]
[debug] [2026-07-03T21:27:29.069Z] > command requires scopes: ["email","openid","https://www.googleapis.com/auth/cloudplatformprojects.readonly","https://www.googleapis.com/auth/firebase","https://www.googleapis.com/auth/cloud-platform"]
[debug] [2026-07-03T21:27:29.755Z] <<< [apiv2][status] GET https://firebase-public.firebaseio.com/cli.json 200
[debug] [2026-07-03T21:27:29.755Z] <<< [apiv2][body] GET https://firebase-public.firebaseio.com/cli.json {"cloudBuildErrorAfter":1594252800000,"cloudBuildWarnAfter":1590019200000,"defaultNode10After":1594252800000,"minVersion":"3.0.5","node8DeploysDisabledAfter":1613390400000,"node8RuntimeDisabledAfter":1615809600000,"node8WarnAfter":1600128000000}
[debug] [2026-07-03T21:27:30.721Z] Running auto auth
[debug] [2026-07-03T21:27:30.724Z] No OAuth tokens found
[debug] [2026-07-03T21:27:30.724Z] >>> [apiv2][query] GET https://firebase.googleapis.com/v1beta1/projects pageSize=1000
[debug] [2026-07-03T21:27:30.968Z] <<< [apiv2][status] GET https://firebase.googleapis.com/v1beta1/projects 403
[debug] [2026-07-03T21:27:30.968Z] <<< [apiv2][body] GET https://firebase.googleapis.com/v1beta1/projects [omitted]
[debug] [2026-07-03T21:27:30.970Z] Request to https://firebase.googleapis.com/v1beta1/projects?pageSize=1000 had HTTP Error: 403, Your application is authenticating by using local Application Default Credentials. The firebase.googleapis.com API requires a quota project, which is not set by default. To learn how to set your quota project, see https://cloud.google.com/docs/authentication/adc-troubleshooting/user-creds .
[debug] [2026-07-03T21:27:30.974Z] FirebaseError: Request to https://firebase.googleapis.com/v1beta1/projects?pageSize=1000 had HTTP Error: 403, Your application is authenticating by using local Application Default Credentials. The firebase.googleapis.com API requires a quota project, which is not set by default. To learn how to set your quota project, see https://cloud.google.com/docs/authentication/adc-troubleshooting/user-creds .
    at responseToError (/Users/abhimanyudhanwadia/.npm/_npx/ba4f1959e38407b5/node_modules/firebase-tools/lib/responseToError.js:53:12)
    at RetryOperation._fn (/Users/abhimanyudhanwadia/.npm/_npx/ba4f1959e38407b5/node_modules/firebase-tools/lib/apiv2.js:381:77)
    at process.processTicksAndRejections (node:internal/process/task_queues:104:5)
[error] 
[error] Error: Failed to list Firebase projects. See firebase-debug.log for more info.
